This file contains any messages produced by compilers while
running configure, to aid debugging if configure makes a mistake.

It was created by masstree-beta configure 0.1, which was
generated by GNU Autoconf 2.69.  Invocation command line was

  $ ./configure 

## --------- ##
## Platform. ##
## --------- ##

hostname = localhost.localdomain
uname -m = x86_64
uname -r = 5.14.18-100.fc33.x86_64
uname -s = Linux
uname -v = #1 SMP Fri Nov 12 17:38:44 UTC 2021

/usr/bin/uname -p = x86_64
/bin/uname -X     = unknown

/bin/arch              = x86_64
/usr/bin/arch -k       = unknown
/usr/convex/getsysinfo = unknown
/usr/bin/hostinfo      = unknown
/bin/machine           = unknown
/usr/bin/oslevel       = unknown
/bin/universe          = unknown

PATH: /home/yongju/.local/bin
PATH: /home/yongju/bin
PATH: /usr/lib64/qt-3.3/bin
PATH: /usr/local/bin
PATH: /usr/bin
PATH: /usr/local/sbin
PATH: /usr/sbin


## ----------- ##
## Core tests. ##
## ----------- ##

configure:2491: checking for gcc
configure:2507: found /usr/bin/gcc
configure:2518: result: gcc
configure:2747: checking for C compiler version
configure:2756: gcc --version >&5
gcc (GCC) 10.3.1 20210422 (Red Hat 10.3.1-1)
Copyright (C) 2020 Free Software Foundation, Inc.
This is free software; see the source for copying conditions.  There is NO
warranty; not even for MERCHANTABILITY or FITNESS FOR A PARTICULAR PURPOSE.

configure:2767: $? = 0
configure:2756: gcc -v >&5
Using built-in specs.
COLLECT_GCC=gcc
COLLECT_LTO_WRAPPER=/usr/libexec/gcc/x86_64-redhat-linux/10/lto-wrapper
OFFLOAD_TARGET_NAMES=nvptx-none
OFFLOAD_TARGET_DEFAULT=1
Target: x86_64-redhat-linux
Configured with: ../configure --enable-bootstrap --enable-languages=c,c++,fortran,objc,obj-c++,ada,go,d,lto --prefix=/usr --mandir=/usr/share/man --infodir=/usr/share/info --with-bugurl=http://bugzilla.redhat.com/bugzilla --enable-shared --enable-threads=posix --enable-checking=release --enable-multilib --with-system-zlib --enable-__cxa_atexit --disable-libunwind-exceptions --enable-gnu-unique-object --enable-linker-build-id --with-gcc-major-version-only --with-linker-hash-style=gnu --enable-plugin --enable-initfini-array --with-isl --enable-offload-targets=nvptx-none --without-cuda-driver --enable-gnu-indirect-function --enable-cet --with-tune=generic --with-arch_32=i686 --build=x86_64-redhat-linux
Thread model: posix
Supported LTO compression algorithms: zlib zstd
gcc version 10.3.1 20210422 (Red Hat 10.3.1-1) (GCC) 
... rest of stderr output deleted ...
configure:2767: $? = 0
configure:2756: gcc -V >&5
gcc: error: unrecognized command-line option '-V'
gcc: fatal error: no input files
compilation terminated.
configure:2767: $? = 1
configure:2756: gcc -qversion >&5
gcc: error: unrecognized command-line option '-qversion'; did you mean '--version'?
gcc: fatal error: no input files
compilation terminated.
configure:2767: $? = 1
configure:2787: checking whether the C compiler works
configure:2809: gcc    conftest.c  >&5
configure:2813: $? = 0
configure:2861: result: yes
configure:2864: checking for C compiler default output file name
configure:2866: result: a.out
configure:2872: checking for suffix of executables
configure:2879: gcc -o conftest    conftest.c  >&5
configure:2883: $? = 0
configure:2905: result: 
configure:2927: checking whether we are cross compiling
configure:2935: gcc -o conftest    conftest.c  >&5
configure:2939: $? = 0
configure:2946: ./conftest
configure:2950: $? = 0
configure:2938: result: no
configure:2943: checking for suffix of object files
configure:2965: gcc -c   conftest.c >&5
configure:2969: $? = 0
configure:2990: result: o
configure:2994: checking whether we are using the GNU C compiler
configure:3013: gcc -c   conftest.c >&5
configure:3013: $? = 0
configure:3022: result: yes
configure:3031: checking whether gcc accepts -g
configure:3051: gcc -c -g  conftest.c >&5
configure:3051: $? = 0
configure:3092: result: yes
configure:3109: checking for gcc option to accept ISO C89
configure:3172: gcc  -c -g -O2  conftest.c >&5
configure:3172: $? = 0
configure:3185: result: none needed
configure:3263: checking for g++
configure:3279: found /usr/bin/g++
configure:3290: result: g++
configure:3317: checking for C++ compiler version
configure:3326: g++ --version >&5
g++ (GCC) 10.3.1 20210422 (Red Hat 10.3.1-1)
Copyright (C) 2020 Free Software Foundation, Inc.
This is free software; see the source for copying conditions.  There is NO
warranty; not even for MERCHANTABILITY or FITNESS FOR A PARTICULAR PURPOSE.

configure:3337: $? = 0
configure:3326: g++ -v >&5
Using built-in specs.
COLLECT_GCC=g++
COLLECT_LTO_WRAPPER=/usr/libexec/gcc/x86_64-redhat-linux/10/lto-wrapper
OFFLOAD_TARGET_NAMES=nvptx-none
OFFLOAD_TARGET_DEFAULT=1
Target: x86_64-redhat-linux
Configured with: ../configure --enable-bootstrap --enable-languages=c,c++,fortran,objc,obj-c++,ada,go,d,lto --prefix=/usr --mandir=/usr/share/man --infodir=/usr/share/info --with-bugurl=http://bugzilla.redhat.com/bugzilla --enable-shared --enable-threads=posix --enable-checking=release --enable-multilib --with-system-zlib --enable-__cxa_atexit --disable-libunwind-exceptions --enable-gnu-unique-object --enable-linker-build-id --with-gcc-major-version-only --with-linker-hash-style=gnu --enable-plugin --enable-initfini-array --with-isl --enable-offload-targets=nvptx-none --without-cuda-driver --enable-gnu-indirect-function --enable-cet --with-tune=generic --with-arch_32=i686 --build=x86_64-redhat-linux
Thread model: posix
Supported LTO compression algorithms: zlib zstd
gcc version 10.3.1 20210422 (Red Hat 10.3.1-1) (GCC) 
... rest of stderr output deleted ...
configure:3337: $? = 0
configure:3326: g++ -V >&5
g++: error: unrecognized command-line option '-V'
g++: fatal error: no input files
compilation terminated.
configure:3337: $? = 1
configure:3326: g++ -qversion >&5
g++: error: unrecognized command-line option '-qversion'; did you mean '--version'?
g++: fatal error: no input files
compilation terminated.
configure:3337: $? = 1
configure:3341: checking whether we are using the GNU C++ compiler
configure:3360: g++ -c   conftest.cpp >&5
configure:3360: $? = 0
configure:3369: result: yes
configure:3378: checking whether g++ accepts -g
configure:3398: g++ -c -g  conftest.cpp >&5
configure:3398: $? = 0
configure:3439: result: yes
configure:3478: checking how to run the C++ preprocessor
configure:3505: g++ -E  conftest.cpp
configure:3505: $? = 0
configure:3519: g++ -E  conftest.cpp
conftest.cpp:10:10: fatal error: ac_nonexistent.h: No such file or directory
   10 | #include <ac_nonexistent.h>
      |          ^~~~~~~~~~~~~~~~~~
compilation terminated.
configure:3519: $? = 1
configure: failed program was:
| /* confdefs.h */
| #define PACKAGE_NAME "masstree-beta"
| #define PACKAGE_TARNAME "masstree-beta"
| #define PACKAGE_VERSION "0.1"
| #define PACKAGE_STRING "masstree-beta 0.1"
| #define PACKAGE_BUGREPORT ""
| #define PACKAGE_URL ""
| #define WORDS_BIGENDIAN_SET 1
| /* end confdefs.h.  */
| #include <ac_nonexistent.h>
configure:3544: result: g++ -E
configure:3564: g++ -E  conftest.cpp
configure:3564: $? = 0
configure:3578: g++ -E  conftest.cpp
conftest.cpp:10:10: fatal error: ac_nonexistent.h: No such file or directory
   10 | #include <ac_nonexistent.h>
      |          ^~~~~~~~~~~~~~~~~~
compilation terminated.
configure:3578: $? = 1
configure: failed program was:
| /* confdefs.h */
| #define PACKAGE_NAME "masstree-beta"
| #define PACKAGE_TARNAME "masstree-beta"
| #define PACKAGE_VERSION "0.1"
| #define PACKAGE_STRING "masstree-beta 0.1"
| #define PACKAGE_BUGREPORT ""
| #define PACKAGE_URL ""
| #define WORDS_BIGENDIAN_SET 1
| /* end confdefs.h.  */
| #include <ac_nonexistent.h>
configure:3607: checking for grep that handles long lines and -e
configure:3665: result: /usr/bin/grep
configure:3670: checking for egrep
configure:3732: result: /usr/bin/grep -E
configure:3737: checking for ANSI C header files
configure:3757: g++ -c -g -O2  conftest.cpp >&5
configure:3757: $? = 0
configure:3830: g++ -o conftest -g -O2   conftest.cpp  >&5
configure:3830: $? = 0
configure:3830: ./conftest
configure:3830: $? = 0
configure:3841: result: yes
configure:3854: checking for sys/types.h
configure:3854: g++ -c -g -O2  conftest.cpp >&5
configure:3854: $? = 0
configure:3854: result: yes
configure:3854: checking for sys/stat.h
configure:3854: g++ -c -g -O2  conftest.cpp >&5
configure:3854: $? = 0
configure:3854: result: yes
configure:3854: checking for stdlib.h
configure:3854: g++ -c -g -O2  conftest.cpp >&5
configure:3854: $? = 0
configure:3854: result: yes
configure:3854: checking for string.h
configure:3854: g++ -c -g -O2  conftest.cpp >&5
configure:3854: $? = 0
configure:3854: result: yes
configure:3854: checking for memory.h
configure:3854: g++ -c -g -O2  conftest.cpp >&5
configure:3854: $? = 0
configure:3854: result: yes
configure:3854: checking for strings.h
configure:3854: g++ -c -g -O2  conftest.cpp >&5
configure:3854: $? = 0
configure:3854: result: yes
configure:3854: checking for inttypes.h
configure:3854: g++ -c -g -O2  conftest.cpp >&5
configure:3854: $? = 0
configure:3854: result: yes
configure:3854: checking for stdint.h
configure:3854: g++ -c -g -O2  conftest.cpp >&5
configure:3854: $? = 0
configure:3854: result: yes
configure:3854: checking for unistd.h
configure:3854: g++ -c -g -O2  conftest.cpp >&5
configure:3854: $? = 0
configure:3854: result: yes
configure:3866: checking whether byte ordering is bigendian
configure:3881: g++ -c -g -O2  conftest.cpp >&5
conftest.cpp:21:9: error: expected unqualified-id before 'not' token
   21 |         not a universal capable compiler
      |         ^~~
configure:3881: $? = 1
configure: failed program was:
| /* confdefs.h */
| #define PACKAGE_NAME "masstree-beta"
| #define PACKAGE_TARNAME "masstree-beta"
| #define PACKAGE_VERSION "0.1"
| #define PACKAGE_STRING "masstree-beta 0.1"
| #define PACKAGE_BUGREPORT ""
| #define PACKAGE_URL ""
| #define WORDS_BIGENDIAN_SET 1
| #define STDC_HEADERS 1
| #define HAVE_SYS_TYPES_H 1
| #define HAVE_SYS_STAT_H 1
| #define HAVE_STDLIB_H 1
| #define HAVE_STRING_H 1
| #define HAVE_MEMORY_H 1
| #define HAVE_STRINGS_H 1
| #define HAVE_INTTYPES_H 1
| #define HAVE_STDINT_H 1
| #define HAVE_UNISTD_H 1
| /* end confdefs.h.  */
| #ifndef __APPLE_CC__
| 	       not a universal capable compiler
| 	     #endif
| 	     typedef int dummy;
| 
configure:3926: g++ -c -g -O2  conftest.cpp >&5
configure:3926: $? = 0
configure:3944: g++ -c -g -O2  conftest.cpp >&5
conftest.cpp: In function 'int main()':
conftest.cpp:27:8: error: 'big' was not declared in this scope
   27 |    not big endian
      |        ^~~
configure:3944: $? = 1
configure: failed program was:
| /* confdefs.h */
| #define PACKAGE_NAME "masstree-beta"
| #define PACKAGE_TARNAME "masstree-beta"
| #define PACKAGE_VERSION "0.1"
| #define PACKAGE_STRING "masstree-beta 0.1"
| #define PACKAGE_BUGREPORT ""
| #define PACKAGE_URL ""
| #define WORDS_BIGENDIAN_SET 1
| #define STDC_HEADERS 1
| #define HAVE_SYS_TYPES_H 1
| #define HAVE_SYS_STAT_H 1
| #define HAVE_STDLIB_H 1
| #define HAVE_STRING_H 1
| #define HAVE_MEMORY_H 1
| #define HAVE_STRINGS_H 1
| #define HAVE_INTTYPES_H 1
| #define HAVE_STDINT_H 1
| #define HAVE_UNISTD_H 1
| /* end confdefs.h.  */
| #include <sys/types.h>
| 		#include <sys/param.h>
| 
| int
| main ()
| {
| #if BYTE_ORDER != BIG_ENDIAN
| 		 not big endian
| 		#endif
| 
|   ;
|   return 0;
| }
configure:4072: result: no
configure:4094: checking sys/epoll.h usability
configure:4094: g++ -c -g -O2  conftest.cpp >&5
configure:4094: $? = 0
configure:4094: result: yes
configure:4094: checking sys/epoll.h presence
configure:4094: g++ -E  conftest.cpp
configure:4094: $? = 0
configure:4094: result: yes
configure:4094: checking for sys/epoll.h
configure:4094: result: yes
configure:4094: checking numa.h usability
configure:4094: g++ -c -g -O2  conftest.cpp >&5
configure:4094: $? = 0
configure:4094: result: yes
configure:4094: checking numa.h presence
configure:4094: g++ -E  conftest.cpp
configure:4094: $? = 0
configure:4094: result: yes
configure:4094: checking for numa.h
configure:4094: result: yes
configure:4105: checking for library containing numa_available
configure:4136: g++ -o conftest -g -O2   conftest.cpp  >&5
/usr/bin/ld: /tmp/ccs2NaTF.o: in function `main':
/home/yongju/prism/masstree/conftest.cpp:33: undefined reference to `numa_available'
collect2: error: ld returned 1 exit status
configure:4136: $? = 1
configure: failed program was:
| /* confdefs.h */
| #define PACKAGE_NAME "masstree-beta"
| #define PACKAGE_TARNAME "masstree-beta"
| #define PACKAGE_VERSION "0.1"
| #define PACKAGE_STRING "masstree-beta 0.1"
| #define PACKAGE_BUGREPORT ""
| #define PACKAGE_URL ""
| #define WORDS_BIGENDIAN_SET 1
| #define STDC_HEADERS 1
| #define HAVE_SYS_TYPES_H 1
| #define HAVE_SYS_STAT_H 1
| #define HAVE_STDLIB_H 1
| #define HAVE_STRING_H 1
| #define HAVE_MEMORY_H 1
| #define HAVE_STRINGS_H 1
| #define HAVE_INTTYPES_H 1
| #define HAVE_STDINT_H 1
| #define HAVE_UNISTD_H 1
| #define HAVE_SYS_EPOLL_H 1
| #define HAVE_NUMA_H 1
| /* end confdefs.h.  */
| 
| /* Override any GCC internal prototype to avoid an error.
|    Use char because int might match the return type of a GCC
|    builtin and then its argument prototype would still apply.  */
| #ifdef __cplusplus
| extern "C"
| #endif
| char numa_available ();
| int
| main ()
| {
| return numa_available ();
|   ;
|   return 0;
| }
configure:4136: g++ -o conftest -g -O2   conftest.cpp -lnuma   >&5
configure:4136: $? = 0
configure:4153: result: -lnuma
configure:4169: checking for __builtin_clz builtin
configure:4185: g++ -o conftest -g -O2   conftest.cpp -lnuma  >&5
configure:4185: $? = 0
configure:4193: result: yes
configure:4203: checking for __builtin_clzl builtin
configure:4219: g++ -o conftest -g -O2   conftest.cpp -lnuma  >&5
configure:4219: $? = 0
configure:4227: result: yes
configure:4237: checking for __builtin_clzll builtin
configure:4253: g++ -o conftest -g -O2   conftest.cpp -lnuma  >&5
configure:4253: $? = 0
configure:4261: result: yes
configure:4271: checking for __builtin_ctz builtin
configure:4287: g++ -o conftest -g -O2   conftest.cpp -lnuma  >&5
configure:4287: $? = 0
configure:4295: result: yes
configure:4305: checking for __builtin_ctzl builtin
configure:4321: g++ -o conftest -g -O2   conftest.cpp -lnuma  >&5
configure:4321: $? = 0
configure:4329: result: yes
configure:4339: checking for __builtin_ctzll builtin
configure:4355: g++ -o conftest -g -O2   conftest.cpp -lnuma  >&5
configure:4355: $? = 0
configure:4363: result: yes
configure:4373: checking for __sync_synchronize builtin
configure:4390: g++ -o conftest -g -O2   conftest.cpp -lnuma  >&5
configure:4390: $? = 0
configure:4398: result: yes
configure:4408: checking for __sync_fetch_and_add builtin
configure:4424: g++ -o conftest -g -O2   conftest.cpp -lnuma  >&5
configure:4424: $? = 0
configure:4432: result: yes
configure:4442: checking for __sync_add_and_fetch builtin
configure:4458: g++ -o conftest -g -O2   conftest.cpp -lnuma  >&5
configure:4458: $? = 0
configure:4466: result: yes
configure:4476: checking for __sync_fetch_and_add_8 builtin
configure:4493: g++ -o conftest -g -O2   conftest.cpp -lnuma  >&5
configure:4493: $? = 0
configure:4501: result: yes
configure:4511: checking for __sync_add_and_fetch_8 builtin
configure:4528: g++ -o conftest -g -O2   conftest.cpp -lnuma  >&5
configure:4528: $? = 0
configure:4536: result: yes
configure:4546: checking for __sync_fetch_and_or builtin
configure:4562: g++ -o conftest -g -O2   conftest.cpp -lnuma  >&5
configure:4562: $? = 0
configure:4570: result: yes
configure:4580: checking for __sync_or_and_fetch builtin
configure:4596: g++ -o conftest -g -O2   conftest.cpp -lnuma  >&5
configure:4596: $? = 0
configure:4604: result: yes
configure:4614: checking for __sync_fetch_and_or_8 builtin
configure:4631: g++ -o conftest -g -O2   conftest.cpp -lnuma  >&5
configure:4631: $? = 0
configure:4639: result: yes
configure:4649: checking for __sync_or_and_fetch_8 builtin
configure:4666: g++ -o conftest -g -O2   conftest.cpp -lnuma  >&5
configure:4666: $? = 0
configure:4674: result: yes
configure:4684: checking for __sync_bool_compare_and_swap builtin
configure:4700: g++ -o conftest -g -O2   conftest.cpp -lnuma  >&5
configure:4700: $? = 0
configure:4708: result: yes
configure:4718: checking for __sync_bool_compare_and_swap_8 builtin
configure:4735: g++ -o conftest -g -O2   conftest.cpp -lnuma  >&5
configure:4735: $? = 0
configure:4743: result: yes
configure:4753: checking for __sync_val_compare_and_swap builtin
configure:4769: g++ -o conftest -g -O2   conftest.cpp -lnuma  >&5
configure:4769: $? = 0
configure:4777: result: yes
configure:4787: checking for __sync_val_compare_and_swap_8 builtin
configure:4804: g++ -o conftest -g -O2   conftest.cpp -lnuma  >&5
configure:4804: $? = 0
configure:4812: result: yes
configure:4822: checking for __sync_lock_test_and_set builtin
configure:4838: g++ -o conftest -g -O2   conftest.cpp -lnuma  >&5
configure:4838: $? = 0
configure:4846: result: yes
configure:4856: checking for __sync_lock_test_and_set_val builtin
configure:4872: g++ -o conftest -g -O2   conftest.cpp -lnuma  >&5
configure:4872: $? = 0
configure:4880: result: yes
configure:4890: checking for __sync_lock_release_set builtin
configure:4906: g++ -o conftest -g -O2   conftest.cpp -lnuma  >&5
configure:4906: $? = 0
configure:4914: result: yes
configure:4925: checking whether the C++ compiler understands 'auto'
configure:4942: g++ -c -g -O2  conftest.cpp >&5
configure:4942: $? = 0
configure:4949: result: yes
configure:4990: checking whether the C++ compiler understands constexpr
configure:5007: g++ -c -g -O2  conftest.cpp >&5
configure:5007: $? = 0
configure:5014: result: yes
configure:5022: checking whether the C++ compiler understands static_assert
configure:5039: g++ -c -g -O2  conftest.cpp >&5
configure:5039: $? = 0
configure:5046: result: yes
configure:5054: checking whether the C++ compiler understands rvalue references
configure:5071: g++ -c -g -O2  conftest.cpp >&5
configure:5071: $? = 0
configure:5078: result: yes
configure:5086: checking whether the C++ compiler understands template alias
configure:5103: g++ -c -g -O2  conftest.cpp >&5
configure:5103: $? = 0
configure:5110: result: yes
configure:5120: checking type_traits usability
configure:5120: g++ -c -g -O2  conftest.cpp >&5
configure:5120: $? = 0
configure:5120: result: yes
configure:5120: checking type_traits presence
configure:5120: g++ -E  conftest.cpp
configure:5120: $? = 0
configure:5120: result: yes
configure:5120: checking for type_traits
configure:5120: result: yes
configure:5131: checking for std::hash
configure:5149: g++ -c -g -O2  conftest.cpp >&5
configure:5149: $? = 0
configure:5156: result: yes
configure:5164: checking for __has_trivial_copy
configure:5181: g++ -c -g -O2  conftest.cpp >&5
configure:5181: $? = 0
configure:5188: result: yes
configure:5197: checking for std::move
configure:5210: g++ -c -g -O2  conftest.cpp >&5
configure:5210: $? = 0
configure:5216: result: yes
configure:5228: checking for std::is_trivially_copyable
configure:5245: g++ -c -g -O2  conftest.cpp >&5
configure:5245: $? = 0
configure:5252: result: yes
configure:5260: checking for std::is_rvalue_reference
configure:5277: g++ -c -g -O2  conftest.cpp >&5
configure:5277: $? = 0
configure:5284: result: yes
configure:5294: checking for malloc in -lflow
configure:5319: g++ -o conftest -g -O2   conftest.cpp -lflow  -lnuma  >&5
conftest.cpp:62:6: warning: declaration of 'char malloc()' conflicts with built-in declaration 'void* malloc(long unsigned int)' [-Wbuiltin-declaration-mismatch]
   62 | char malloc ();
      |      ^~~~~~
/usr/bin/ld: cannot find -lflow
collect2: error: ld returned 1 exit status
configure:5319: $? = 1
configure: failed program was:
| /* confdefs.h */
| #define PACKAGE_NAME "masstree-beta"
| #define PACKAGE_TARNAME "masstree-beta"
| #define PACKAGE_VERSION "0.1"
| #define PACKAGE_STRING "masstree-beta 0.1"
| #define PACKAGE_BUGREPORT ""
| #define PACKAGE_URL ""
| #define WORDS_BIGENDIAN_SET 1
| #define STDC_HEADERS 1
| #define HAVE_SYS_TYPES_H 1
| #define HAVE_SYS_STAT_H 1
| #define HAVE_STDLIB_H 1
| #define HAVE_STRING_H 1
| #define HAVE_MEMORY_H 1
| #define HAVE_STRINGS_H 1
| #define HAVE_INTTYPES_H 1
| #define HAVE_STDINT_H 1
| #define HAVE_UNISTD_H 1
| #define HAVE_SYS_EPOLL_H 1
| #define HAVE_NUMA_H 1
| #define HAVE_LIBNUMA 1
| #define HAVE___BUILTIN_CLZ 1
| #define HAVE___BUILTIN_CLZL 1
| #define HAVE___BUILTIN_CLZLL 1
| #define HAVE___BUILTIN_CTZ 1
| #define HAVE___BUILTIN_CTZL 1
| #define HAVE___BUILTIN_CTZLL 1
| #define HAVE___SYNC_SYNCHRONIZE 1
| #define HAVE___SYNC_FETCH_AND_ADD 1
| #define HAVE___SYNC_ADD_AND_FETCH 1
| #define HAVE___SYNC_FETCH_AND_ADD_8 1
| #define HAVE___SYNC_ADD_AND_FETCH_8 1
| #define HAVE___SYNC_FETCH_AND_OR 1
| #define HAVE___SYNC_OR_AND_FETCH 1
| #define HAVE___SYNC_FETCH_AND_OR_8 1
| #define HAVE___SYNC_OR_AND_FETCH_8 1
| #define HAVE___SYNC_BOOL_COMPARE_AND_SWAP 1
| #define HAVE___SYNC_BOOL_COMPARE_AND_SWAP_8 1
| #define HAVE___SYNC_VAL_COMPARE_AND_SWAP 1
| #define HAVE___SYNC_VAL_COMPARE_AND_SWAP_8 1
| #define HAVE___SYNC_LOCK_TEST_AND_SET 1
| #define HAVE___SYNC_LOCK_TEST_AND_SET_VAL 1
| #define HAVE___SYNC_LOCK_RELEASE_SET 1
| #define HAVE_CXX_AUTO 1
| #define HAVE_CXX_CONSTEXPR 1
| #define HAVE_CXX_STATIC_ASSERT 1
| #define HAVE_CXX_RVALUE_REFERENCES 1
| #define HAVE_CXX_TEMPLATE_ALIAS 1
| #define HAVE_TYPE_TRAITS 1
| #define HAVE_STD_HASH 1
| #define HAVE___HAS_TRIVIAL_COPY 1
| #define HAVE_STD_IS_TRIVIALLY_COPYABLE 1
| #define HAVE_STD_IS_RVALUE_REFERENCE 1
| /* end confdefs.h.  */
| 
| /* Override any GCC internal prototype to avoid an error.
|    Use char because int might match the return type of a GCC
|    builtin and then its argument prototype would still apply.  */
| #ifdef __cplusplus
| extern "C"
| #endif
| char malloc ();
| int
| main ()
| {
| return malloc ();
|   ;
|   return 0;
| }
configure:5328: result: no
configure:5336: checking for mallctl in -ljemalloc
configure:5361: g++ -o conftest -g -O2   conftest.cpp -ljemalloc  -lnuma  >&5
configure:5361: $? = 0
configure:5370: result: yes
configure:5378: checking for tc_malloc in -ltcmalloc_minimal
configure:5403: g++ -o conftest -g -O2   conftest.cpp -ltcmalloc_minimal  -lnuma  >&5
configure:5403: $? = 0
configure:5412: result: yes
configure:5420: checking for _Z16getMainHoardHeapv in -lhoard
configure:5445: g++ -o conftest -g -O2   conftest.cpp -lhoard  -lnuma  >&5
configure:5445: $? = 0
configure:5454: result: yes
configure:5480: checking for malloc library
configure:5486: result: jemalloc
configure:5494: checking for malloc library
configure:5508: result: -ljemalloc
configure:5537: checking whether off_t and long are the same type
configure:5554: g++ -c -g -O2  conftest.cpp >&5
conftest.cpp:57:30: error: redefinition of 'int f(long int)'
   57 | int f(off_t) {return 0;} int f(long) {return 0;}
      |                              ^
conftest.cpp:57:5: note: 'int f(off_t)' previously defined here
   57 | int f(off_t) {return 0;} int f(long) {return 0;}
      |     ^
configure:5554: $? = 1
configure: failed program was:
| /* confdefs.h */
| #define PACKAGE_NAME "masstree-beta"
| #define PACKAGE_TARNAME "masstree-beta"
| #define PACKAGE_VERSION "0.1"
| #define PACKAGE_STRING "masstree-beta 0.1"
| #define PACKAGE_BUGREPORT ""
| #define PACKAGE_URL ""
| #define WORDS_BIGENDIAN_SET 1
| #define STDC_HEADERS 1
| #define HAVE_SYS_TYPES_H 1
| #define HAVE_SYS_STAT_H 1
| #define HAVE_STDLIB_H 1
| #define HAVE_STRING_H 1
| #define HAVE_MEMORY_H 1
| #define HAVE_STRINGS_H 1
| #define HAVE_INTTYPES_H 1
| #define HAVE_STDINT_H 1
| #define HAVE_UNISTD_H 1
| #define HAVE_SYS_EPOLL_H 1
| #define HAVE_NUMA_H 1
| #define HAVE_LIBNUMA 1
| #define HAVE___BUILTIN_CLZ 1
| #define HAVE___BUILTIN_CLZL 1
| #define HAVE___BUILTIN_CLZLL 1
| #define HAVE___BUILTIN_CTZ 1
| #define HAVE___BUILTIN_CTZL 1
| #define HAVE___BUILTIN_CTZLL 1
| #define HAVE___SYNC_SYNCHRONIZE 1
| #define HAVE___SYNC_FETCH_AND_ADD 1
| #define HAVE___SYNC_ADD_AND_FETCH 1
| #define HAVE___SYNC_FETCH_AND_ADD_8 1
| #define HAVE___SYNC_ADD_AND_FETCH_8 1
| #define HAVE___SYNC_FETCH_AND_OR 1
| #define HAVE___SYNC_OR_AND_FETCH 1
| #define HAVE___SYNC_FETCH_AND_OR_8 1
| #define HAVE___SYNC_OR_AND_FETCH_8 1
| #define HAVE___SYNC_BOOL_COMPARE_AND_SWAP 1
| #define HAVE___SYNC_BOOL_COMPARE_AND_SWAP_8 1
| #define HAVE___SYNC_VAL_COMPARE_AND_SWAP 1
| #define HAVE___SYNC_VAL_COMPARE_AND_SWAP_8 1
| #define HAVE___SYNC_LOCK_TEST_AND_SET 1
| #define HAVE___SYNC_LOCK_TEST_AND_SET_VAL 1
| #define HAVE___SYNC_LOCK_RELEASE_SET 1
| #define HAVE_CXX_AUTO 1
| #define HAVE_CXX_CONSTEXPR 1
| #define HAVE_CXX_STATIC_ASSERT 1
| #define HAVE_CXX_RVALUE_REFERENCES 1
| #define HAVE_CXX_TEMPLATE_ALIAS 1
| #define HAVE_TYPE_TRAITS 1
| #define HAVE_STD_HASH 1
| #define HAVE___HAS_TRIVIAL_COPY 1
| #define HAVE_STD_IS_TRIVIALLY_COPYABLE 1
| #define HAVE_STD_IS_RVALUE_REFERENCE 1
| #define HAVE_JEMALLOC 1
| /* end confdefs.h.  */
| #include <stdio.h>
| int f(off_t) {return 0;} int f(long) {return 0;}
| int
| main ()
| {
| 
|   ;
|   return 0;
| }
configure:5561: result: yes
configure:5572: checking whether off_t and long long are the same type
configure:5589: g++ -c -g -O2  conftest.cpp >&5
configure:5589: $? = 0
configure:5596: result: no
configure:5607: checking whether int64_t and long are the same type
configure:5624: g++ -c -g -O2  conftest.cpp >&5
conftest.cpp:58:32: error: redefinition of 'int f(long int)'
   58 | int f(int64_t) {return 0;} int f(long) {return 0;}
      |                                ^
conftest.cpp:58:5: note: 'int f(int64_t)' previously defined here
   58 | int f(int64_t) {return 0;} int f(long) {return 0;}
      |     ^
configure:5624: $? = 1
configure: failed program was:
| /* confdefs.h */
| #define PACKAGE_NAME "masstree-beta"
| #define PACKAGE_TARNAME "masstree-beta"
| #define PACKAGE_VERSION "0.1"
| #define PACKAGE_STRING "masstree-beta 0.1"
| #define PACKAGE_BUGREPORT ""
| #define PACKAGE_URL ""
| #define WORDS_BIGENDIAN_SET 1
| #define STDC_HEADERS 1
| #define HAVE_SYS_TYPES_H 1
| #define HAVE_SYS_STAT_H 1
| #define HAVE_STDLIB_H 1
| #define HAVE_STRING_H 1
| #define HAVE_MEMORY_H 1
| #define HAVE_STRINGS_H 1
| #define HAVE_INTTYPES_H 1
| #define HAVE_STDINT_H 1
| #define HAVE_UNISTD_H 1
| #define HAVE_SYS_EPOLL_H 1
| #define HAVE_NUMA_H 1
| #define HAVE_LIBNUMA 1
| #define HAVE___BUILTIN_CLZ 1
| #define HAVE___BUILTIN_CLZL 1
| #define HAVE___BUILTIN_CLZLL 1
| #define HAVE___BUILTIN_CTZ 1
| #define HAVE___BUILTIN_CTZL 1
| #define HAVE___BUILTIN_CTZLL 1
| #define HAVE___SYNC_SYNCHRONIZE 1
| #define HAVE___SYNC_FETCH_AND_ADD 1
| #define HAVE___SYNC_ADD_AND_FETCH 1
| #define HAVE___SYNC_FETCH_AND_ADD_8 1
| #define HAVE___SYNC_ADD_AND_FETCH_8 1
| #define HAVE___SYNC_FETCH_AND_OR 1
| #define HAVE___SYNC_OR_AND_FETCH 1
| #define HAVE___SYNC_FETCH_AND_OR_8 1
| #define HAVE___SYNC_OR_AND_FETCH_8 1
| #define HAVE___SYNC_BOOL_COMPARE_AND_SWAP 1
| #define HAVE___SYNC_BOOL_COMPARE_AND_SWAP_8 1
| #define HAVE___SYNC_VAL_COMPARE_AND_SWAP 1
| #define HAVE___SYNC_VAL_COMPARE_AND_SWAP_8 1
| #define HAVE___SYNC_LOCK_TEST_AND_SET 1
| #define HAVE___SYNC_LOCK_TEST_AND_SET_VAL 1
| #define HAVE___SYNC_LOCK_RELEASE_SET 1
| #define HAVE_CXX_AUTO 1
| #define HAVE_CXX_CONSTEXPR 1
| #define HAVE_CXX_STATIC_ASSERT 1
| #define HAVE_CXX_RVALUE_REFERENCES 1
| #define HAVE_CXX_TEMPLATE_ALIAS 1
| #define HAVE_TYPE_TRAITS 1
| #define HAVE_STD_HASH 1
| #define HAVE___HAS_TRIVIAL_COPY 1
| #define HAVE_STD_IS_TRIVIALLY_COPYABLE 1
| #define HAVE_STD_IS_RVALUE_REFERENCE 1
| #define HAVE_JEMALLOC 1
| #define HAVE_OFF_T_IS_LONG 1
| /* end confdefs.h.  */
| #include <stdint.h>
| int f(int64_t) {return 0;} int f(long) {return 0;}
| int
| main ()
| {
| 
|   ;
|   return 0;
| }
configure:5631: result: yes
configure:5642: checking whether int64_t and long long are the same type
configure:5659: g++ -c -g -O2  conftest.cpp >&5
configure:5659: $? = 0
configure:5666: result: no
configure:5677: checking whether size_t and unsigned are the same type
configure:5694: g++ -c -g -O2  conftest.cpp >&5
configure:5694: $? = 0
configure:5701: result: no
configure:5712: checking whether size_t and unsigned long are the same type
configure:5729: g++ -c -g -O2  conftest.cpp >&5
conftest.cpp:59:31: error: redefinition of 'int f(long unsigned int)'
   59 | int f(size_t) {return 0;} int f(unsigned long) {return 0;}
      |                               ^
conftest.cpp:59:5: note: 'int f(size_t)' previously defined here
   59 | int f(size_t) {return 0;} int f(unsigned long) {return 0;}
      |     ^
configure:5729: $? = 1
configure: failed program was:
| /* confdefs.h */
| #define PACKAGE_NAME "masstree-beta"
| #define PACKAGE_TARNAME "masstree-beta"
| #define PACKAGE_VERSION "0.1"
| #define PACKAGE_STRING "masstree-beta 0.1"
| #define PACKAGE_BUGREPORT ""
| #define PACKAGE_URL ""
| #define WORDS_BIGENDIAN_SET 1
| #define STDC_HEADERS 1
| #define HAVE_SYS_TYPES_H 1
| #define HAVE_SYS_STAT_H 1
| #define HAVE_STDLIB_H 1
| #define HAVE_STRING_H 1
| #define HAVE_MEMORY_H 1
| #define HAVE_STRINGS_H 1
| #define HAVE_INTTYPES_H 1
| #define HAVE_STDINT_H 1
| #define HAVE_UNISTD_H 1
| #define HAVE_SYS_EPOLL_H 1
| #define HAVE_NUMA_H 1
| #define HAVE_LIBNUMA 1
| #define HAVE___BUILTIN_CLZ 1
| #define HAVE___BUILTIN_CLZL 1
| #define HAVE___BUILTIN_CLZLL 1
| #define HAVE___BUILTIN_CTZ 1
| #define HAVE___BUILTIN_CTZL 1
| #define HAVE___BUILTIN_CTZLL 1
| #define HAVE___SYNC_SYNCHRONIZE 1
| #define HAVE___SYNC_FETCH_AND_ADD 1
| #define HAVE___SYNC_ADD_AND_FETCH 1
| #define HAVE___SYNC_FETCH_AND_ADD_8 1
| #define HAVE___SYNC_ADD_AND_FETCH_8 1
| #define HAVE___SYNC_FETCH_AND_OR 1
| #define HAVE___SYNC_OR_AND_FETCH 1
| #define HAVE___SYNC_FETCH_AND_OR_8 1
| #define HAVE___SYNC_OR_AND_FETCH_8 1
| #define HAVE___SYNC_BOOL_COMPARE_AND_SWAP 1
| #define HAVE___SYNC_BOOL_COMPARE_AND_SWAP_8 1
| #define HAVE___SYNC_VAL_COMPARE_AND_SWAP 1
| #define HAVE___SYNC_VAL_COMPARE_AND_SWAP_8 1
| #define HAVE___SYNC_LOCK_TEST_AND_SET 1
| #define HAVE___SYNC_LOCK_TEST_AND_SET_VAL 1
| #define HAVE___SYNC_LOCK_RELEASE_SET 1
| #define HAVE_CXX_AUTO 1
| #define HAVE_CXX_CONSTEXPR 1
| #define HAVE_CXX_STATIC_ASSERT 1
| #define HAVE_CXX_RVALUE_REFERENCES 1
| #define HAVE_CXX_TEMPLATE_ALIAS 1
| #define HAVE_TYPE_TRAITS 1
| #define HAVE_STD_HASH 1
| #define HAVE___HAS_TRIVIAL_COPY 1
| #define HAVE_STD_IS_TRIVIALLY_COPYABLE 1
| #define HAVE_STD_IS_RVALUE_REFERENCE 1
| #define HAVE_JEMALLOC 1
| #define HAVE_OFF_T_IS_LONG 1
| #define HAVE_INT64_T_IS_LONG 1
| /* end confdefs.h.  */
| #include <stdio.h>
| int f(size_t) {return 0;} int f(unsigned long) {return 0;}
| int
| main ()
| {
| 
|   ;
|   return 0;
| }
configure:5736: result: yes
configure:5747: checking whether size_t and unsigned long long are the same type
configure:5764: g++ -c -g -O2  conftest.cpp >&5
configure:5764: $? = 0
configure:5771: result: no
configure:5781: checking for long long
configure:5781: g++ -c -g -O2  conftest.cpp >&5
configure:5781: $? = 0
configure:5781: g++ -c -g -O2  conftest.cpp >&5
conftest.cpp: In function 'int main()':
conftest.cpp:95:14: error: expected primary-expression before 'long'
   95 | if (sizeof ((long long)))
      |              ^~~~
conftest.cpp:95:14: error: expected ')' before 'long'
   95 | if (sizeof ((long long)))
      |             ~^~~~
      |              )
conftest.cpp:96:14: error: expected ')' before ';' token
   96 |      return 0;
      |              ^
      |              )
conftest.cpp:95:12: note: to match this '('
   95 | if (sizeof ((long long)))
      |            ^
conftest.cpp:96:14: error: expected ')' before ';' token
   96 |      return 0;
      |              ^
      |              )
conftest.cpp:95:4: note: to match this '('
   95 | if (sizeof ((long long)))
      |    ^
configure:5781: $? = 1
configure: failed program was:
| /* confdefs.h */
| #define PACKAGE_NAME "masstree-beta"
| #define PACKAGE_TARNAME "masstree-beta"
| #define PACKAGE_VERSION "0.1"
| #define PACKAGE_STRING "masstree-beta 0.1"
| #define PACKAGE_BUGREPORT ""
| #define PACKAGE_URL ""
| #define WORDS_BIGENDIAN_SET 1
| #define STDC_HEADERS 1
| #define HAVE_SYS_TYPES_H 1
| #define HAVE_SYS_STAT_H 1
| #define HAVE_STDLIB_H 1
| #define HAVE_STRING_H 1
| #define HAVE_MEMORY_H 1
| #define HAVE_STRINGS_H 1
| #define HAVE_INTTYPES_H 1
| #define HAVE_STDINT_H 1
| #define HAVE_UNISTD_H 1
| #define HAVE_SYS_EPOLL_H 1
| #define HAVE_NUMA_H 1
| #define HAVE_LIBNUMA 1
| #define HAVE___BUILTIN_CLZ 1
| #define HAVE___BUILTIN_CLZL 1
| #define HAVE___BUILTIN_CLZLL 1
| #define HAVE___BUILTIN_CTZ 1
| #define HAVE___BUILTIN_CTZL 1
| #define HAVE___BUILTIN_CTZLL 1
| #define HAVE___SYNC_SYNCHRONIZE 1
| #define HAVE___SYNC_FETCH_AND_ADD 1
| #define HAVE___SYNC_ADD_AND_FETCH 1
| #define HAVE___SYNC_FETCH_AND_ADD_8 1
| #define HAVE___SYNC_ADD_AND_FETCH_8 1
| #define HAVE___SYNC_FETCH_AND_OR 1
| #define HAVE___SYNC_OR_AND_FETCH 1
| #define HAVE___SYNC_FETCH_AND_OR_8 1
| #define HAVE___SYNC_OR_AND_FETCH_8 1
| #define HAVE___SYNC_BOOL_COMPARE_AND_SWAP 1
| #define HAVE___SYNC_BOOL_COMPARE_AND_SWAP_8 1
| #define HAVE___SYNC_VAL_COMPARE_AND_SWAP 1
| #define HAVE___SYNC_VAL_COMPARE_AND_SWAP_8 1
| #define HAVE___SYNC_LOCK_TEST_AND_SET 1
| #define HAVE___SYNC_LOCK_TEST_AND_SET_VAL 1
| #define HAVE___SYNC_LOCK_RELEASE_SET 1
| #define HAVE_CXX_AUTO 1
| #define HAVE_CXX_CONSTEXPR 1
| #define HAVE_CXX_STATIC_ASSERT 1
| #define HAVE_CXX_RVALUE_REFERENCES 1
| #define HAVE_CXX_TEMPLATE_ALIAS 1
| #define HAVE_TYPE_TRAITS 1
| #define HAVE_STD_HASH 1
| #define HAVE___HAS_TRIVIAL_COPY 1
| #define HAVE_STD_IS_TRIVIALLY_COPYABLE 1
| #define HAVE_STD_IS_RVALUE_REFERENCE 1
| #define HAVE_JEMALLOC 1
| #define HAVE_OFF_T_IS_LONG 1
| #define HAVE_INT64_T_IS_LONG 1
| #define HAVE_SIZE_T_IS_UNSIGNED_LONG 1
| /* end confdefs.h.  */
| #include <stdio.h>
| #ifdef HAVE_SYS_TYPES_H
| # include <sys/types.h>
| #endif
| #ifdef HAVE_SYS_STAT_H
| # include <sys/stat.h>
| #endif
| #ifdef STDC_HEADERS
| # include <stdlib.h>
| # include <stddef.h>
| #else
| # ifdef HAVE_STDLIB_H
| #  include <stdlib.h>
| # endif
| #endif
| #ifdef HAVE_STRING_H
| # if !defined STDC_HEADERS && defined HAVE_MEMORY_H
| #  include <memory.h>
| # endif
| # include <string.h>
| #endif
| #ifdef HAVE_STRINGS_H
| # include <strings.h>
| #endif
| #ifdef HAVE_INTTYPES_H
| # include <inttypes.h>
| #endif
| #ifdef HAVE_STDINT_H
| # include <stdint.h>
| #endif
| #ifdef HAVE_UNISTD_H
| # include <unistd.h>
| #endif
| int
| main ()
| {
| if (sizeof ((long long)))
| 	    return 0;
|   ;
|   return 0;
| }
configure:5781: result: yes
configure:5795: checking size of short
configure:5800: g++ -o conftest -g -O2   conftest.cpp -lnuma  >&5
configure:5800: $? = 0
configure:5800: ./conftest
configure:5800: $? = 0
configure:5814: result: 2
configure:5828: checking size of int
configure:5833: g++ -o conftest -g -O2   conftest.cpp -lnuma  >&5
configure:5833: $? = 0
configure:5833: ./conftest
configure:5833: $? = 0
configure:5847: result: 4
configure:5861: checking size of long
configure:5866: g++ -o conftest -g -O2   conftest.cpp -lnuma  >&5
configure:5866: $? = 0
configure:5866: ./conftest
configure:5866: $? = 0
configure:5880: result: 8
configure:5894: checking size of long long
configure:5899: g++ -o conftest -g -O2   conftest.cpp -lnuma  >&5
configure:5899: $? = 0
configure:5899: ./conftest
configure:5899: $? = 0
configure:5913: result: 8
configure:5927: checking size of void *
configure:5932: g++ -o conftest -g -O2   conftest.cpp -lnuma  >&5
configure:5932: $? = 0
configure:5932: ./conftest
configure:5932: $? = 0
configure:5946: result: 8
configure:5957: checking whether getline is declared
configure:5957: g++ -c -g -O2  conftest.cpp >&5
configure:5957: $? = 0
configure:5957: result: yes
configure:5972: checking time.h usability
configure:5972: g++ -c -g -O2  conftest.cpp >&5
configure:5972: $? = 0
configure:5972: result: yes
configure:5972: checking time.h presence
configure:5972: g++ -E  conftest.cpp
configure:5972: $? = 0
configure:5972: result: yes
configure:5972: checking for time.h
configure:5972: result: yes
configure:5972: checking execinfo.h usability
configure:5972: g++ -c -g -O2  conftest.cpp >&5
configure:5972: $? = 0
configure:5972: result: yes
configure:5972: checking execinfo.h presence
configure:5972: g++ -E  conftest.cpp
configure:5972: $? = 0
configure:5972: result: yes
configure:5972: checking for execinfo.h
configure:5972: result: yes
configure:5982: checking whether clock_gettime is declared
configure:5982: g++ -c -g -O2  conftest.cpp >&5
configure:5982: $? = 0
configure:5982: result: yes
configure:5996: checking for library containing clock_gettime
configure:6027: g++ -o conftest -g -O2   conftest.cpp -lnuma  >&5
configure:6027: $? = 0
configure:6044: result: none required
configure:6054: checking for clock_gettime
configure:6054: g++ -o conftest -g -O2   conftest.cpp -lnuma  >&5
configure:6054: $? = 0
configure:6054: result: yes
configure:6113: checking whether MADV_HUGEPAGE is supported
configure:6129: g++ -E  conftest.cpp
configure:6129: $? = 0
configure:6135: result: yes
configure:6143: checking whether MAP_HUGETLB is supported
configure:6159: g++ -E  conftest.cpp
configure:6159: $? = 0
configure:6165: result: yes
configure:6386: creating ./config.status

## ---------------------- ##
## Running config.status. ##
## ---------------------- ##

This file was extended by masstree-beta config.status 0.1, which was
generated by GNU Autoconf 2.69.  Invocation command line was

  CONFIG_FILES    = 
  CONFIG_HEADERS  = 
  CONFIG_LINKS    = 
  CONFIG_COMMANDS = 
  $ ./config.status 

on localhost.localdomain

config.status:857: creating GNUmakefile
config.status:857: creating config.h
config.status:1027: config.h is unchanged

## ---------------- ##
## Cache variables. ##
## ---------------- ##

ac_cv_c_bigendian=no
ac_cv_c_compiler_gnu=yes
ac_cv_cxx_auto=yes
ac_cv_cxx_compiler_gnu=yes
ac_cv_cxx_constexpr=yes
ac_cv_cxx_rvalue_references=yes
ac_cv_cxx_static_assert=yes
ac_cv_cxx_template_alias=yes
ac_cv_env_CCC_set=
ac_cv_env_CCC_value=
ac_cv_env_CC_set=
ac_cv_env_CC_value=
ac_cv_env_CFLAGS_set=
ac_cv_env_CFLAGS_value=
ac_cv_env_CPPFLAGS_set=
ac_cv_env_CPPFLAGS_value=
ac_cv_env_CXXCPP_set=
ac_cv_env_CXXCPP_value=
ac_cv_env_CXXFLAGS_set=
ac_cv_env_CXXFLAGS_value=
ac_cv_env_CXX_set=
ac_cv_env_CXX_value=
ac_cv_env_LDFLAGS_set=
ac_cv_env_LDFLAGS_value=
ac_cv_env_LIBS_set=
ac_cv_env_LIBS_value=
ac_cv_env_build_alias_set=
ac_cv_env_build_alias_value=
ac_cv_env_host_alias_set=
ac_cv_env_host_alias_value=
ac_cv_env_target_alias_set=
ac_cv_env_target_alias_value=
ac_cv_func_clock_gettime=yes
ac_cv_have___builtin_clz=yes
ac_cv_have___builtin_clzl=yes
ac_cv_have___builtin_clzll=yes
ac_cv_have___builtin_ctz=yes
ac_cv_have___builtin_ctzl=yes
ac_cv_have___builtin_ctzll=yes
ac_cv_have___has_trivial_copy=yes
ac_cv_have___sync_add_and_fetch=yes
ac_cv_have___sync_add_and_fetch_8=yes
ac_cv_have___sync_bool_compare_and_swap=yes
ac_cv_have___sync_bool_compare_and_swap_8=yes
ac_cv_have___sync_fetch_and_add=yes
ac_cv_have___sync_fetch_and_add_8=yes
ac_cv_have___sync_fetch_and_or=yes
ac_cv_have___sync_fetch_and_or_8=yes
ac_cv_have___sync_lock_release_set=yes
ac_cv_have___sync_lock_test_and_set=yes
ac_cv_have___sync_lock_test_and_set_val=yes
ac_cv_have___sync_or_and_fetch=yes
ac_cv_have___sync_or_and_fetch_8=yes
ac_cv_have___sync_synchronize=yes
ac_cv_have___sync_val_compare_and_swap=yes
ac_cv_have___sync_val_compare_and_swap_8=yes
ac_cv_have_decl_clock_gettime=yes
ac_cv_have_decl_getline=yes
ac_cv_have_same_type_int64_t_is_long=yes
ac_cv_have_same_type_int64_t_is_long_long=no
ac_cv_have_same_type_off_t_is_long=yes
ac_cv_have_same_type_off_t_is_long_long=no
ac_cv_have_same_type_size_t_is_unsigned=no
ac_cv_have_same_type_size_t_is_unsigned_long=yes
ac_cv_have_same_type_size_t_is_unsigned_long_long=no
ac_cv_have_std_hash=yes
ac_cv_have_std_is_rvalue_reference=yes
ac_cv_have_std_is_trivially_copyable=yes
ac_cv_header_execinfo_h=yes
ac_cv_header_inttypes_h=yes
ac_cv_header_memory_h=yes
ac_cv_header_numa_h=yes
ac_cv_header_stdc=yes
ac_cv_header_stdint_h=yes
ac_cv_header_stdlib_h=yes
ac_cv_header_string_h=yes
ac_cv_header_strings_h=yes
ac_cv_header_sys_epoll_h=yes
ac_cv_header_sys_stat_h=yes
ac_cv_header_sys_types_h=yes
ac_cv_header_time_h=yes
ac_cv_header_type_traits=yes
ac_cv_header_unistd_h=yes
ac_cv_lib_flow_malloc=no
ac_cv_lib_hoard__Z16getMainHoardHeapv=yes
ac_cv_lib_jemalloc_mallctl=yes
ac_cv_lib_tcmalloc_minimal_tc_malloc=yes
ac_cv_max_key_len=255
ac_cv_objext=o
ac_cv_path_EGREP='/usr/bin/grep -E'
ac_cv_path_GREP=/usr/bin/grep
ac_cv_prog_CXXCPP='g++ -E'
ac_cv_prog_ac_ct_CC=gcc
ac_cv_prog_ac_ct_CXX=g++
ac_cv_prog_cc_c89=
ac_cv_prog_cc_g=yes
ac_cv_prog_cxx_g=yes
ac_cv_row_type=bag
ac_cv_search_clock_gettime='none required'
ac_cv_search_numa_available=-lnuma
ac_cv_sizeof_int=4
ac_cv_sizeof_long=8
ac_cv_sizeof_long_long=8
ac_cv_sizeof_short=2
ac_cv_sizeof_void_p=8
ac_cv_std_move=yes
ac_cv_type_long_long=yes

## ----------------- ##
## Output variables. ##
## ----------------- ##

CC='gcc'
CFLAGS='-g -O2'
CPPFLAGS=''
CXX='g++'
CXXCPP='g++ -E'
CXXFLAGS='-g -O2'
DEFS='-DHAVE_CONFIG_H'
ECHO_C=''
ECHO_N='-n'
ECHO_T=''
EGREP='/usr/bin/grep -E'
EXEEXT=''
GREP='/usr/bin/grep'
LDFLAGS=''
LIBOBJS=''
LIBS='-lnuma '
LTLIBOBJS=''
MALLOC_LIBS='-ljemalloc'
OBJEXT='o'
PACKAGE_BUGREPORT=''
PACKAGE_NAME='masstree-beta'
PACKAGE_STRING='masstree-beta 0.1'
PACKAGE_TARNAME='masstree-beta'
PACKAGE_URL=''
PACKAGE_VERSION='0.1'
PATH_SEPARATOR=':'
SHELL='/bin/sh'
ac_configure_args=''
ac_ct_CC='gcc'
ac_ct_CXX='g++'
bindir='${exec_prefix}/bin'
build_alias=''
datadir='${datarootdir}'
datarootdir='${prefix}/share'
docdir='${datarootdir}/doc/${PACKAGE_TARNAME}'
dvidir='${docdir}'
exec_prefix='${prefix}'
host_alias=''
htmldir='${docdir}'
includedir='${prefix}/include'
infodir='${datarootdir}/info'
libdir='${exec_prefix}/lib'
libexecdir='${exec_prefix}/libexec'
localedir='${datarootdir}/locale'
localstatedir='${prefix}/var'
mandir='${datarootdir}/man'
oldincludedir='/usr/include'
pdfdir='${docdir}'
prefix='/usr/local'
program_transform_name='s,x,x,'
psdir='${docdir}'
sbindir='${exec_prefix}/sbin'
sharedstatedir='${prefix}/com'
sysconfdir='${prefix}/etc'
target_alias=''

## ----------- ##
## confdefs.h. ##
## ----------- ##

/* confdefs.h */
#define PACKAGE_NAME "masstree-beta"
#define PACKAGE_TARNAME "masstree-beta"
#define PACKAGE_VERSION "0.1"
#define PACKAGE_STRING "masstree-beta 0.1"
#define PACKAGE_BUGREPORT ""
#define PACKAGE_URL ""
#define WORDS_BIGENDIAN_SET 1
#define STDC_HEADERS 1
#define HAVE_SYS_TYPES_H 1
#define HAVE_SYS_STAT_H 1
#define HAVE_STDLIB_H 1
#define HAVE_STRING_H 1
#define HAVE_MEMORY_H 1
#define HAVE_STRINGS_H 1
#define HAVE_INTTYPES_H 1
#define HAVE_STDINT_H 1
#define HAVE_UNISTD_H 1
#define HAVE_SYS_EPOLL_H 1
#define HAVE_NUMA_H 1
#define HAVE_LIBNUMA 1
#define HAVE___BUILTIN_CLZ 1
#define HAVE___BUILTIN_CLZL 1
#define HAVE___BUILTIN_CLZLL 1
#define HAVE___BUILTIN_CTZ 1
#define HAVE___BUILTIN_CTZL 1
#define HAVE___BUILTIN_CTZLL 1
#define HAVE___SYNC_SYNCHRONIZE 1
#define HAVE___SYNC_FETCH_AND_ADD 1
#define HAVE___SYNC_ADD_AND_FETCH 1
#define HAVE___SYNC_FETCH_AND_ADD_8 1
#define HAVE___SYNC_ADD_AND_FETCH_8 1
#define HAVE___SYNC_FETCH_AND_OR 1
#define HAVE___SYNC_OR_AND_FETCH 1
#define HAVE___SYNC_FETCH_AND_OR_8 1
#define HAVE___SYNC_OR_AND_FETCH_8 1
#define HAVE___SYNC_BOOL_COMPARE_AND_SWAP 1
#define HAVE___SYNC_BOOL_COMPARE_AND_SWAP_8 1
#define HAVE___SYNC_VAL_COMPARE_AND_SWAP 1
#define HAVE___SYNC_VAL_COMPARE_AND_SWAP_8 1
#define HAVE___SYNC_LOCK_TEST_AND_SET 1
#define HAVE___SYNC_LOCK_TEST_AND_SET_VAL 1
#define HAVE___SYNC_LOCK_RELEASE_SET 1
#define HAVE_CXX_AUTO 1
#define HAVE_CXX_CONSTEXPR 1
#define HAVE_CXX_STATIC_ASSERT 1
#define HAVE_CXX_RVALUE_REFERENCES 1
#define HAVE_CXX_TEMPLATE_ALIAS 1
#define HAVE_TYPE_TRAITS 1
#define HAVE_STD_HASH 1
#define HAVE___HAS_TRIVIAL_COPY 1
#define HAVE_STD_IS_TRIVIALLY_COPYABLE 1
#define HAVE_STD_IS_RVALUE_REFERENCE 1
#define HAVE_JEMALLOC 1
#define HAVE_OFF_T_IS_LONG 1
#define HAVE_INT64_T_IS_LONG 1
#define HAVE_SIZE_T_IS_UNSIGNED_LONG 1
#define HAVE_LONG_LONG 1
#define SIZEOF_SHORT 2
#define SIZEOF_INT 4
#define SIZEOF_LONG 8
#define SIZEOF_LONG_LONG 8
#define SIZEOF_VOID_P 8
#define HAVE_DECL_GETLINE 1
#define HAVE_TIME_H 1
#define HAVE_EXECINFO_H 1
#define HAVE_DECL_CLOCK_GETTIME 1
#define HAVE_CLOCK_GETTIME 1
#define MASSTREE_ROW_TYPE_BAG 1
#define MASSTREE_MAXKEYLEN 255
#define HAVE_MADV_HUGEPAGE 1
#define HAVE_MAP_HUGETLB 1
#define HAVE_SUPERPAGE 1
#define ENABLE_ASSERTIONS 1
#define CACHE_LINE_SIZE 64
#define HAVE_UNALIGNED_ACCESS 1

configure: exit 0

## ---------------------- ##
## Running config.status. ##
## ---------------------- ##

This file was extended by masstree-beta config.status 0.1, which was
generated by GNU Autoconf 2.69.  Invocation command line was

  CONFIG_FILES    = 
  CONFIG_HEADERS  = 
  CONFIG_LINKS    = 
  CONFIG_COMMANDS = 
  $ ./config.status 

on localhost.localdomain

config.status:857: creating config.h
config.status:1027: config.h is unchanged
